  game.cpp
  Board.cpp
c:\users\nava\source\repos\oop2_project_chavyschmidt_navasotto\oop2_project_chavyschmidt_navasotto\board.cpp(204): warning C4018: '<': signed/unsigned mismatch
c:\users\nava\source\repos\oop2_project_chavyschmidt_navasotto\oop2_project_chavyschmidt_navasotto\board.cpp(205): warning C4018: '<': signed/unsigned mismatch
c:\users\nava\source\repos\oop2_project_chavyschmidt_navasotto\oop2_project_chavyschmidt_navasotto\board.cpp(217): warning C4018: '<': signed/unsigned mismatch
c:\users\nava\source\repos\oop2_project_chavyschmidt_navasotto\oop2_project_chavyschmidt_navasotto\board.cpp(218): warning C4018: '<': signed/unsigned mismatch
c:\users\nava\source\repos\oop2_project_chavyschmidt_navasotto\oop2_project_chavyschmidt_navasotto\board.cpp(242): warning C4018: '<': signed/unsigned mismatch
  Generating Code...
  Compiling...
  PlayButton.cpp
  Generating Code...
  Skipping... (no relevant changes detected)
  main.cpp
  SmartEnemy.cpp
  Player.cpp
  NormalEnemy.cpp
  Menu.cpp
  Enemy.cpp
  DynamicObject.cpp
  oop2_project_ChavySchmidt_NavaSotto.vcxproj -> C:\Users\nava\source\repos\oop2_project_ChavySchmidt_NavaSotto\Debug\oop2_project_ChavySchmidt_NavaSotto.exe
